---------------------------  -----------------------------------------------------------------------
Z mean train                 -7.2921e-05
Z variance train             0.0013526108
KL Divergence                224.28317
KL Loss                      22.428318
QF Loss                      74.46491
VF Loss                      7.4571137
Policy Loss                  -2.7012556
Q Predictions Mean           0.0062220125
Q Predictions Std            0.0005349421
Q Predictions Max            0.007433774
Q Predictions Min            0.004584625
V Predictions Mean           0.0050740046
V Predictions Std            0.00039642036
V Predictions Max            0.0056256875
V Predictions Min            0.004352848
Log Pis Mean                 -2.6853127
Log Pis Std                  0.43329737
Log Pis Max                  -1.2377112
Log Pis Min                  -4.3365602
Policy mu Mean               0.001836049
Policy mu Std                0.0016760477
Policy mu Max                0.0037855161
Policy mu Min                -0.0007751031
Policy log std Mean          -0.0005854991
Policy log std Std           0.0011606198
Policy log std Max           0.0011353337
Policy log std Min           -0.002245709
AverageReturn_task_0         288.0978035096886
AverageReturn_task_last_0    290.4362899742225
AverageSuccess_task_last_0   0.0
z_mean_task_0                [-0.08431885  0.1411195   0.13198005  0.00145819  0.04396124]
z_var_task_last_0            [0.17878467 0.17815137 0.18151899 0.17894754 0.18085404]
AverageReturn_task_1         9.436203520912938
AverageReturn_task_last_1    0.40021191163303566
AverageSuccess_task_last_1   0.0
z_mean_task_1                [-0.00139537  0.07865319  0.00432432  0.13870053  0.14019838]
z_var_task_last_1            [0.15555252 0.15500057 0.15793364 0.15569727 0.15735553]
AverageReturn_task_2         277.9409208091035
AverageReturn_task_last_2    278.8638442098275
AverageSuccess_task_last_2   0.0
z_mean_task_2                [-0.08267494  0.13715969  0.12991664 -0.00207152  0.03959285]
z_var_task_last_2            [0.1722373  0.17162754 0.17487155 0.17239463 0.17423113]
AverageReturn_task_3         202.6005676664923
AverageReturn_task_last_3    199.92934914548374
AverageSuccess_task_last_3   0.0
z_mean_task_3                [-0.05773781  0.11807071  0.09227261  0.03821772  0.06818843]
z_var_task_last_3            [0.16458204 0.16399893 0.16709974 0.16473304 0.16648781]
AverageReturn_task_4         59.33326258956152
AverageReturn_task_last_4    59.446782067171476
AverageSuccess_task_last_4   0.0
z_mean_task_4                [-0.0166095   0.09104563  0.02591191  0.11817773  0.12628709]
z_var_task_last_4            [0.16327739 0.16269842 0.16577654 0.1634287  0.1651696 ]
AverageReturn_task_5         27.98246675425284
AverageReturn_task_last_5    27.547442197033714
AverageSuccess_task_last_5   0.0
z_mean_task_5                [-0.00656932  0.0845136   0.0100956   0.13723731  0.14020628]
z_var_task_last_5            [0.16272491 0.16214776 0.16521594 0.16287605 0.16461106]
AverageReturn_task_6         1014.1477677565176
AverageReturn_task_last_6    1002.1754001456071
AverageSuccess_task_last_6   0.0
z_mean_task_6                [-0.26117527  0.32483575  0.41189545 -0.21528189 -0.08638301]
z_var_task_last_6            [0.31730902 0.31618792 0.32215887 0.31759405 0.3209783 ]
AverageReturn_task_7         639.6310297906556
AverageReturn_task_last_7    629.1089335819337
AverageSuccess_task_last_7   0.0
z_mean_task_7                [-0.17689027  0.2345623   0.27790862 -0.11579472 -0.02813527]
z_var_task_last_7            [0.2460856  0.24521552 0.24984756 0.24630788 0.24893244]
AverageReturn_task_8         11.808364752478356
AverageReturn_task_last_8    11.833452284781854
AverageSuccess_task_last_8   0.0
z_mean_task_8                [3.5850648e-05 6.6291057e-02 7.8559591e-04 1.2333207e-01 1.2394467e-01]
z_var_task_last_8            [0.13472664 0.13424845 0.13678905 0.13485177 0.13628812]
AverageReturn_task_9         221.82831387108024
AverageReturn_task_last_9    221.36401674407017
AverageSuccess_task_last_9   0.0
z_mean_task_9                [-0.06303237  0.12137147  0.09893635  0.03074201  0.06272408]
z_var_task_last_9            [0.16596591 0.16537783 0.16850464 0.16611768 0.1678874 ]
Z mean eval                  0.05014831
Z variance eval              0.16677068
Number of train steps total  1000
Number of env steps total    10000
Number of rollouts total     0
Epoch                        1000
---------------------------  -----------------------------------------------------------------------
