---------------------------  -------------------------------------------------------------
Z mean train                 -0.00018660969
Z variance train             0.0013529931
KL Divergence                224.27261
KL Loss                      22.427261
QF Loss                      24.565926
VF Loss                      7.422182
Policy Loss                  -2.6898887
Q Predictions Mean           0.0012124592
Q Predictions Std            0.00056024565
Q Predictions Max            0.0025664396
Q Predictions Min            -6.1088474e-05
V Predictions Mean           -0.00040779726
V Predictions Std            6.8089124e-05
V Predictions Max            -0.00021067169
V Predictions Min            -0.0005446968
Log Pis Mean                 -2.6783252
Log Pis Std                  0.42952797
Log Pis Max                  -1.2038497
Log Pis Min                  -4.891655
Policy mu Mean               3.1535217e-06
Policy mu Std                2.9130617e-05
Policy mu Max                7.674186e-05
Policy mu Min                -7.9595964e-05
Policy log std Mean          -1.9948993e-06
Policy log std Std           3.560765e-05
Policy log std Max           8.722017e-05
Policy log std Min           -9.394006e-05
AverageReturn_task_0         263.075330811652
AverageReturn_task_last_0    260.657009411663
AverageSuccess_task_last_0   0.0
z_mean_task_0                [ 0.03427317 -0.01823491 -0.09503087  0.0257229  -0.01075975]
z_var_task_last_0            [0.16999942 0.1699754  0.16982828 0.16994192 0.1700209 ]
AverageReturn_task_1         19.264359671506924
AverageReturn_task_last_1    8.574208164015117
AverageSuccess_task_last_1   0.0
z_mean_task_1                [ 0.03231214 -0.01750008 -0.09071663  0.02418558 -0.01006603]
z_var_task_last_1            [0.16202952 0.16200636 0.16186634 0.16197471 0.16204973]
AverageReturn_task_2         307.91053334508416
AverageReturn_task_last_2    315.86217308657103
AverageSuccess_task_last_2   0.0
z_mean_task_2                [ 0.03443894 -0.01835323 -0.0973105   0.02598514 -0.01113236]
z_var_task_last_2            [0.17321877 0.17319405 0.17304428 0.17316015 0.17324017]
AverageReturn_task_3         140.44954795326177
AverageReturn_task_last_3    140.79251672189292
AverageSuccess_task_last_3   0.0
z_mean_task_3                [ 0.03034939 -0.0163969  -0.08625229  0.02229255 -0.00969842]
z_var_task_last_3            [0.15382022 0.15379843 0.15366565 0.1537683  0.15383941]
AverageReturn_task_4         105.43137768290346
AverageReturn_task_last_4    106.97668322646203
AverageSuccess_task_last_4   0.0
z_mean_task_4                [ 0.0306461  -0.01642547 -0.08318973  0.02245466 -0.00907507]
z_var_task_last_4            [0.14916539 0.14914468 0.14901577 0.14911525 0.14918455]
AverageReturn_task_5         20.692972381622294
AverageReturn_task_last_5    25.040146962398303
AverageSuccess_task_last_5   0.0
z_mean_task_5                [ 0.0313682  -0.01671563 -0.08525825  0.02296037 -0.00938082]
z_var_task_last_5            [0.15285249 0.15283127 0.15269911 0.15280104 0.15287212]
AverageReturn_task_6         1224.9930510623938
AverageReturn_task_last_6    1210.8804913613824
AverageSuccess_task_last_6   0.0
z_mean_task_6                [ 0.03818261 -0.02043351 -0.10800977  0.02989379 -0.01117167]
z_var_task_last_6            [0.19105196 0.19102457 0.19085935 0.1909871  0.1910755 ]
AverageReturn_task_7         526.5827346107295
AverageReturn_task_last_7    528.0778251255879
AverageSuccess_task_last_7   0.0
z_mean_task_7                [ 0.03617547 -0.01914721 -0.10239552  0.02735014 -0.01116458]
z_var_task_last_7            [0.18161087 0.181585   0.181428   0.1815493  0.18163338]
AverageReturn_task_8         11.412651524690963
AverageReturn_task_last_8    10.818728916635639
AverageSuccess_task_last_8   0.0
z_mean_task_8                [ 0.02961518 -0.01622906 -0.0820948   0.02173297 -0.00946944]
z_var_task_last_8            [0.14749534 0.1474747  0.14734721 0.14744575 0.14751427]
AverageReturn_task_9         205.09930177733062
AverageReturn_task_last_9    205.1076480868371
AverageSuccess_task_last_9   0.0
z_mean_task_9                [ 0.03182989 -0.01723779 -0.08833975  0.02378813 -0.01001876]
z_var_task_last_9            [0.15838775 0.15836546 0.15822843 0.15833431 0.15840787]
Z mean eval                  -0.011995653
Z variance eval              0.15834476
Number of train steps total  1000
Number of env steps total    1000
Number of rollouts total     0
Epoch                        1000
---------------------------  -------------------------------------------------------------
2021-08-13 06:24:07.186762 MSK | [2021_08_13_06_22_20] Iteration #0 | Epoch Duration: 106.69915723800659
2021-08-13 06:24:07.186957 MSK | [2021_08_13_06_22_20] Iteration #0 | Started Training: True
2021-08-13 06:25:03.069499 MSK | [2021_08_13_06_22_20] Iteration #1 | Skipping eval for now.
2021-08-13 06:25:03.069732 MSK | [2021_08_13_06_22_20] Iteration #1 | Epoch Duration: 55.88267683982849
2021-08-13 06:25:03.069834 MSK | [2021_08_13_06_22_20] Iteration #1 | Started Training: True
