---------------------------  -------------------------------------------------------------
Z mean train                 0.001466812
Z variance train             0.0013538344
KL Divergence                224.24773
KL Loss                      22.424772
QF Loss                      11.552273
VF Loss                      7.5102224
Policy Loss                  -2.7049038
Q Predictions Mean           0.0007313178
Q Predictions Std            0.00033513346
Q Predictions Max            0.0016936762
Q Predictions Min            -0.00029632228
V Predictions Mean           -0.0022566053
V Predictions Std            0.0003003261
V Predictions Max            -0.0016486554
V Predictions Min            -0.0029922877
Log Pis Mean                 -2.6891038
Log Pis Std                  0.42605054
Log Pis Max                  -1.2028155
Log Pis Min                  -4.439097
Policy mu Mean               0.0014957171
Policy mu Std                0.00054586766
Policy mu Max                0.0023761883
Policy mu Min                0.00060867274
Policy log std Mean          -0.00040284748
Policy log std Std           0.00039180118
Policy log std Max           0.00036353467
Policy log std Min           -0.0010144912
AverageReturn_task_0         282.9016769616315
AverageReturn_task_last_0    282.18437574677074
AverageSuccess_task_last_0   0.0
z_mean_task_0                [ 0.16075078  0.5160926  -0.40796572 -1.2222743  -0.85747075]
z_var_task_last_0            [0.18003039 0.18379268 0.18221474 0.18469918 0.18132378]
AverageReturn_task_1         170.98481482450276
AverageReturn_task_last_1    187.46954160977262
AverageSuccess_task_last_1   0.0
z_mean_task_1                [ 0.14345291  0.4662068  -0.37118852 -1.1183825  -0.79834276]
z_var_task_last_1            [0.16611165 0.16958328 0.1681277  0.17041929 0.16730519]
AverageReturn_task_2         268.05164483182295
AverageReturn_task_last_2    267.9687744027637
AverageSuccess_task_last_2   0.0
z_mean_task_2                [ 0.1517789   0.48559693 -0.3843286  -1.1493269  -0.80633855]
z_var_task_last_2            [0.16935481 0.17289406 0.17140944 0.17374682 0.17057155]
AverageReturn_task_3         104.14357171120207
AverageReturn_task_last_3    122.0609149202128
AverageSuccess_task_last_3   0.0
z_mean_task_3                [ 0.12675795  0.41610432 -0.332643   -1.0045629  -0.723266  ]
z_var_task_last_3            [0.1498512  0.15298314 0.15167    0.15373683 0.15092789]
AverageReturn_task_4         109.22803283539933
AverageReturn_task_last_4    109.25956424211476
AverageSuccess_task_last_4   0.0
z_mean_task_4                [ 0.14240384  0.47150612 -0.37724993 -1.1444844  -0.82753104]
z_var_task_last_4            [0.17097126 0.17454454 0.17304704 0.17540468 0.17219982]
AverageReturn_task_5         89.76872087821765
AverageReturn_task_last_5    89.89061869823242
AverageSuccess_task_last_5   0.0
z_mean_task_5                [ 0.13955572  0.46390665 -0.37174693 -1.1294891  -0.81979567]
z_var_task_last_5            [0.16903426 0.1725671  0.17108667 0.17341739 0.17024891]
AverageReturn_task_6         764.6214899636913
AverageReturn_task_last_6    738.831390819532
AverageSuccess_task_last_6   0.0
z_mean_task_6                [ 0.2512321  0.7771773 -0.6055629 -1.7926741 -1.2103424]
z_var_task_last_6            [0.25951394 0.26493606 0.26265997 0.26624385 0.2613779 ]
AverageReturn_task_7         481.20998971004747
AverageReturn_task_last_7    480.6267451277933
AverageSuccess_task_last_7   0.0
z_mean_task_7                [ 0.20746073  0.64852726 -0.5078712  -1.5081073  -1.0307982 ]
z_var_task_last_7            [0.21956736 0.22415523 0.22222969 0.22526139 0.22114448]
AverageReturn_task_8         8.153498914468697
AverageReturn_task_last_8    8.17521245730297
AverageSuccess_task_last_8   0.0
z_mean_task_8                [ 0.10328819  0.3519238  -0.28438923 -0.86904687 -0.64398134]
z_var_task_last_8            [0.13135843 0.1341043  0.13295396 0.13476466 0.13230257]
AverageReturn_task_9         204.45421857043812
AverageReturn_task_last_9    204.58194703562162
AverageSuccess_task_last_9   0.0
z_mean_task_9                [ 0.1404076   0.45629823 -0.36234635 -1.090014   -0.7738901 ]
z_var_task_last_9            [0.16146041 0.16483483 0.1634199  0.16564755 0.16262048]
Z mean eval                  -0.3259089
Z variance eval              0.16359664
Number of train steps total  1000
Number of env steps total    10000
Number of rollouts total     0
Epoch                        1000
---------------------------  -------------------------------------------------------------
2021-07-18 07:57:51.831010 MSK | [2021_07_18_07_55_45] Iteration #0 | Epoch Duration: 126.73630404472351
2021-07-18 07:57:51.831122 MSK | [2021_07_18_07_55_45] Iteration #0 | Started Training: True
2021-07-18 07:59:11.646384 MSK | [2021_07_18_07_55_45] Iteration #1 | Skipping eval for now.
2021-07-18 07:59:11.646666 MSK | [2021_07_18_07_55_45] Iteration #1 | Epoch Duration: 79.81548118591309
2021-07-18 07:59:11.646741 MSK | [2021_07_18_07_55_45] Iteration #1 | Started Training: True
2021-07-18 08:00:30.239114 MSK | [2021_07_18_07_55_45] Iteration #2 | Skipping eval for now.
2021-07-18 08:00:30.239351 MSK | [2021_07_18_07_55_45] Iteration #2 | Epoch Duration: 78.59252595901489
2021-07-18 08:00:30.239451 MSK | [2021_07_18_07_55_45] Iteration #2 | Started Training: True
2021-07-18 08:01:51.060380 MSK | [2021_07_18_07_55_45] Iteration #3 | Skipping eval for now.
2021-07-18 08:01:51.060669 MSK | [2021_07_18_07_55_45] Iteration #3 | Epoch Duration: 80.82114553451538
2021-07-18 08:01:51.060749 MSK | [2021_07_18_07_55_45] Iteration #3 | Started Training: True
---------------------------  -------------------------------------------------------------
Z mean train                 -0.28296384
Z variance train             0.8244873
KL Divergence                13.292671
KL Loss                      1.3292671
QF Loss                      18.359692
VF Loss                      2.0549614
Policy Loss                  -28.405056
Q Predictions Mean           26.781826
Q Predictions Std            17.15629
Q Predictions Max            75.208626
Q Predictions Min            11.635616
V Predictions Mean           28.900707
V Predictions Std            17.31974
V Predictions Max            78.63568
V Predictions Min            13.468817
Log Pis Mean                 -2.7141197
Log Pis Std                  0.2604851
Log Pis Max                  -1.6520886
Log Pis Min                  -5.3352704
Policy mu Mean               -0.0027513513
Policy mu Std                0.05479445
Policy mu Max                0.18774122
Policy mu Min                -0.16494039
Policy log std Mean          -0.12778383
Policy log std Std           0.012642138
Policy log std Max           -0.10907017
Policy log std Min           -0.1764629
AverageReturn_task_0         286.46548753716786
AverageReturn_task_last_0    279.78680361502285
AverageSuccess_task_last_0   0.0
z_mean_task_0                [-0.12496851  0.09711737  0.03496783 -0.03400417 -0.06015239]
z_var_task_last_0            [0.06999778 0.07273167 0.06707432 0.06875088 0.06901617]
AverageReturn_task_1         135.3590080626265
AverageReturn_task_last_1    151.74221612077991
AverageSuccess_task_last_1   0.0
z_mean_task_1                [-0.14873043  0.12142324  0.03757657 -0.03826961 -0.05776604]
z_var_task_last_1            [0.08113647 0.08430543 0.07774624 0.07968941 0.07999638]
AverageReturn_task_2         345.9607427923881
AverageReturn_task_last_2    343.1202724712055
AverageSuccess_task_last_2   0.0
z_mean_task_2                [-0.13285813  0.10545997  0.0361817  -0.03709506 -0.0612968 ]
z_var_task_last_2            [0.07444301 0.07735044 0.0713337  0.07311602 0.07339776]
AverageReturn_task_3         158.05968625130143
AverageReturn_task_last_3    156.4785323078678
AverageSuccess_task_last_3   0.0
z_mean_task_3                [-0.1253491   0.10034908  0.03139307 -0.03141829 -0.05080054]
z_var_task_last_3            [0.067819   0.0704677  0.06498508 0.0666099  0.06686632]
AverageReturn_task_4         77.21163367811306
AverageReturn_task_last_4    80.32289339555972
AverageSuccess_task_last_4   0.0
z_mean_task_4                [-0.1752694   0.14854531  0.04039804 -0.04416434 -0.05634186]
z_var_task_last_4            [0.09348058 0.0971318  0.08957365 0.09181177 0.09216579]
AverageReturn_task_5         110.80593619287775
AverageReturn_task_last_5    112.4506473388925
AverageSuccess_task_last_5   0.0
z_mean_task_5                [-0.16320904  0.1361744   0.03935385 -0.04185585 -0.05784266]
z_var_task_last_5            [0.08803269 0.09147111 0.08435408 0.08646183 0.08679519]
AverageReturn_task_6         1118.011803729865
AverageReturn_task_last_6    1084.2924870301542
AverageSuccess_task_last_6   0.0
z_mean_task_6                [-0.13691418  0.10007196  0.04885091 -0.04540126 -0.09054676]
z_var_task_last_6            [0.08467859 0.08798508 0.08114533 0.08317044 0.08349277]
AverageReturn_task_7         505.42506132036965
AverageReturn_task_last_7    504.8394165639656
AverageSuccess_task_last_7   0.0
z_mean_task_7                [-0.11453259  0.09045805  0.02944344 -0.03093302 -0.05219294]
z_var_task_last_7            [0.06310161 0.06556589 0.06046538 0.06197737 0.06221618]
AverageReturn_task_8         9.896565183661016
AverageReturn_task_last_8    9.910078132384548
AverageSuccess_task_last_8   0.0
z_mean_task_8                [-0.23781805  0.19673137  0.06625402 -0.06302689 -0.09147339]
z_var_task_last_8            [0.13375567 0.13897957 0.12816826 0.13136637 0.13187382]
AverageReturn_task_9         215.58821247115452
AverageReturn_task_last_9    215.37884769326496
AverageSuccess_task_last_9   0.0
z_mean_task_9                [-0.12711166  0.09879728  0.03570928 -0.0339856  -0.06037385]
z_var_task_last_9            [0.07105949 0.07383487 0.06809165 0.06979351 0.07006283]
Z mean eval                  -0.017392913
Z variance eval              0.07056848
Number of train steps total  5000
Number of env steps total    50000
Number of rollouts total     0
Epoch                        5000
---------------------------  -------------------------------------------------------------
2021-07-18 08:03:50.149435 MSK | [2021_07_18_07_55_45] Iteration #4 | Epoch Duration: 119.08859395980835
2021-07-18 08:03:50.149553 MSK | [2021_07_18_07_55_45] Iteration #4 | Started Training: True
2021-07-18 08:05:11.178850 MSK | [2021_07_18_07_55_45] Iteration #5 | Skipping eval for now.
2021-07-18 08:05:11.179127 MSK | [2021_07_18_07_55_45] Iteration #5 | Epoch Duration: 81.02952003479004
2021-07-18 08:05:11.179203 MSK | [2021_07_18_07_55_45] Iteration #5 | Started Training: True
2021-07-18 08:06:32.344820 MSK | [2021_07_18_07_55_45] Iteration #6 | Skipping eval for now.
2021-07-18 08:06:32.345197 MSK | [2021_07_18_07_55_45] Iteration #6 | Epoch Duration: 81.16590166091919
2021-07-18 08:06:32.345333 MSK | [2021_07_18_07_55_45] Iteration #6 | Started Training: True
